0 | handle_forkchoice | 160
0 | apply_forkchoice | 70
0 | get_block_from_payload | 70
0 | handle_new_payload_v3 | 30
0 | handle_new_payload_v1_v2 | 90
0 | validate_block_hash | 20
0 | try_execute_payload | 30
0 | blockchain_add_block | 30
0 | blockchain_store_block | 50
0 | throughput | 0.000
0 | interval | 3.000
0 | transactions_len | 0
0 | exec_percentage | 33.000
0 | merkle_percentage | 0.000
0 | store_percentage | 67.000
1 | handle_forkchoice | 510
1 | apply_forkchoice | 50
1 | get_block_from_payload | 70
1 | handle_new_payload_v3 | 30
1 | handle_new_payload_v1_v2 | 20
1 | validate_block_hash | 20
1 | try_execute_payload | 70
1 | blockchain_add_block | 90
1 | blockchain_store_block | 50
1 | throughput | 0.000
1 | interval | 2.000
1 | transactions_len | 0
1 | exec_percentage | 0.000
1 | merkle_percentage | 0.000
1 | store_percentage | 100.000
2 | handle_forkchoice | 200
2 | apply_forkchoice | 90
2 | get_block_from_payload | 80
2 | handle_new_payload_v3 | 30
2 | handle_new_payload_v1_v2 | 20
2 | validate_block_hash | 20
2 | try_execute_payload | 30
2 | blockchain_add_block | 30
2 | blockchain_store_block | 60
2 | throughput | 0.000
2 | interval | 2.000
2 | transactions_len | 0
2 | exec_percentage | 0.000
2 | merkle_percentage | 0.000
2 | store_percentage | 100.000
3 | handle_forkchoice | 200
3 | apply_forkchoice | 80
3 | get_block_from_payload | 70
3 | handle_new_payload_v3 | 20
3 | handle_new_payload_v1_v2 | 20
3 | validate_block_hash | 20
3 | try_execute_payload | 40
3 | blockchain_add_block | 50
3 | blockchain_store_block | 40
3 | throughput | 0.000
3 | interval | 3.000
3 | transactions_len | 0
3 | exec_percentage | 0.000
3 | merkle_percentage | 0.000
3 | store_percentage | 67.000
4 | handle_forkchoice | 70
4 | apply_forkchoice | 70
4 | get_block_from_payload | 60
4 | handle_new_payload_v3 | 30
4 | handle_new_payload_v1_v2 | 20
4 | validate_block_hash | 20
4 | try_execute_payload | 60
4 | blockchain_add_block | 30
4 | blockchain_store_block | 40
4 | throughput | 0.000
4 | interval | 2.000
4 | transactions_len | 0
4 | exec_percentage | 0.000
4 | merkle_percentage | 0.000
4 | store_percentage | 100.000
5 | handle_forkchoice | 200
5 | apply_forkchoice | 100
5 | get_block_from_payload | 70
5 | handle_new_payload_v3 | 30
5 | handle_new_payload_v1_v2 | 20
5 | validate_block_hash | 20
5 | try_execute_payload | 30
5 | blockchain_add_block | 20
5 | blockchain_store_block | 180
5 | throughput | 0.000
5 | interval | 2.000
5 | transactions_len | 0
5 | exec_percentage | 0.000
5 | merkle_percentage | 0.000
5 | store_percentage | 100.000
6 | handle_forkchoice | 550
6 | apply_forkchoice | 90
6 | get_block_from_payload | 70
6 | handle_new_payload_v3 | 20
6 | handle_new_payload_v1_v2 | 20
6 | validate_block_hash | 20
6 | try_execute_payload | 30
6 | blockchain_add_block | 30
6 | blockchain_store_block | 50
6 | throughput | 0.000
6 | interval | 2.000
6 | transactions_len | 0
6 | exec_percentage | 0.000
6 | merkle_percentage | 0.000
6 | store_percentage | 100.000
7 | handle_forkchoice | 230
7 | apply_forkchoice | 90
7 | get_block_from_payload | 100
7 | handle_new_payload_v3 | 30
7 | handle_new_payload_v1_v2 | 40
7 | validate_block_hash | 20
7 | try_execute_payload | 50
7 | blockchain_add_block | 40
7 | blockchain_store_block | 40
7 | throughput | 0.000
7 | interval | 2.000
7 | transactions_len | 0
7 | exec_percentage | 0.000
7 | merkle_percentage | 0.000
7 | store_percentage | 100.000
8 | handle_forkchoice | 240
8 | apply_forkchoice | 100
8 | get_block_from_payload | 130
8 | handle_new_payload_v3 | 30
8 | handle_new_payload_v1_v2 | 30
8 | validate_block_hash | 20
8 | try_execute_payload | 70
8 | blockchain_add_block | 40
8 | blockchain_store_block | 40
8 | throughput | 0.000
8 | interval | 2.000
8 | transactions_len | 0
8 | exec_percentage | 0.000
8 | merkle_percentage | 0.000
8 | store_percentage | 100.000
9 | handle_forkchoice | 270
9 | apply_forkchoice | 90
9 | get_block_from_payload | 130
9 | handle_new_payload_v3 | 40
9 | handle_new_payload_v1_v2 | 20
9 | validate_block_hash | 10
9 | try_execute_payload | 30
9 | blockchain_add_block | 30
9 | blockchain_store_block | 60
9 | throughput | 0.000
9 | interval | 3.000
9 | transactions_len | 0
9 | exec_percentage | 0.000
9 | merkle_percentage | 0.000
9 | store_percentage | 67.000
10 | handle_forkchoice | 190
10 | apply_forkchoice | 130
10 | get_block_from_payload | 60
10 | handle_new_payload_v3 | 40
10 | handle_new_payload_v1_v2 | 20
10 | validate_block_hash | 30
10 | try_execute_payload | 40
10 | blockchain_add_block | 40
10 | blockchain_store_block | 40
10 | throughput | 0.000
10 | interval | 2.000
10 | transactions_len | 0
10 | exec_percentage | 0.000
10 | merkle_percentage | 0.000
10 | store_percentage | 100.000
11 | handle_forkchoice | 490
11 | apply_forkchoice | 100
11 | get_block_from_payload | 60
11 | handle_new_payload_v3 | 30
11 | handle_new_payload_v1_v2 | 70
11 | validate_block_hash | 20
11 | try_execute_payload | 30
11 | blockchain_add_block | 40
11 | blockchain_store_block | 60
11 | throughput | 0.000
11 | interval | 3.000
11 | transactions_len | 0
11 | exec_percentage | 0.000
11 | merkle_percentage | 0.000
11 | store_percentage | 67.000
12 | handle_forkchoice | 200
12 | apply_forkchoice | 120
12 | get_block_from_payload | 70
12 | handle_new_payload_v3 | 30
12 | handle_new_payload_v1_v2 | 20
12 | validate_block_hash | 20
12 | try_execute_payload | 60
12 | blockchain_add_block | 30
12 | blockchain_store_block | 50
12 | throughput | 0.000
12 | interval | 2.000
12 | transactions_len | 0
12 | exec_percentage | 0.000
12 | merkle_percentage | 0.000
12 | store_percentage | 100.000
13 | handle_forkchoice | 230
13 | apply_forkchoice | 90
13 | get_block_from_payload | 120
13 | handle_new_payload_v3 | 30
13 | handle_new_payload_v1_v2 | 20
13 | validate_block_hash | 20
13 | try_execute_payload | 50
13 | blockchain_add_block | 40
13 | blockchain_store_block | 50
13 | throughput | 0.000
13 | interval | 2.000
13 | transactions_len | 0
13 | exec_percentage | 0.000
13 | merkle_percentage | 0.000
13 | store_percentage | 100.000
14 | handle_forkchoice | 200
14 | apply_forkchoice | 90
14 | get_block_from_payload | 220
14 | handle_new_payload_v3 | 30
14 | handle_new_payload_v1_v2 | 20
14 | validate_block_hash | 20
14 | try_execute_payload | 30
14 | blockchain_add_block | 20
14 | blockchain_store_block | 40
14 | throughput | 0.000
14 | interval | 2.000
14 | transactions_len | 0
14 | exec_percentage | 0.000
14 | merkle_percentage | 0.000
14 | store_percentage | 100.000
15 | handle_forkchoice | 230
15 | apply_forkchoice | 120
15 | get_block_from_payload | 70
15 | handle_new_payload_v3 | 30
15 | handle_new_payload_v1_v2 | 230
15 | validate_block_hash | 20
15 | try_execute_payload | 30
15 | blockchain_add_block | 30
15 | blockchain_store_block | 70
15 | throughput | 0.000
15 | interval | 2.000
15 | transactions_len | 0
15 | exec_percentage | 0.000
15 | merkle_percentage | 0.000
15 | store_percentage | 100.000
16 | handle_forkchoice | 220
16 | apply_forkchoice | 90
16 | get_block_from_payload | 80
16 | handle_new_payload_v3 | 30
16 | handle_new_payload_v1_v2 | 30
16 | validate_block_hash | 30
16 | try_execute_payload | 20
16 | blockchain_add_block | 30
16 | blockchain_store_block | 70
16 | throughput | 0.000
16 | interval | 2.000
16 | transactions_len | 0
16 | exec_percentage | 0.000
16 | merkle_percentage | 0.000
16 | store_percentage | 100.000
17 | handle_forkchoice | 220
17 | apply_forkchoice | 140
17 | get_block_from_payload | 80
17 | handle_new_payload_v3 | 20
17 | handle_new_payload_v1_v2 | 20
17 | validate_block_hash | 20
17 | try_execute_payload | 30
17 | blockchain_add_block | 30
17 | blockchain_store_block | 40
17 | throughput | 0.000
17 | interval | 2.000
17 | transactions_len | 0
17 | exec_percentage | 0.000
17 | merkle_percentage | 0.000
17 | store_percentage | 100.000
18 | handle_forkchoice | 200
18 | apply_forkchoice | 80
18 | get_block_from_payload | 70
18 | handle_new_payload_v3 | 30
18 | handle_new_payload_v1_v2 | 20
18 | validate_block_hash | 20
18 | try_execute_payload | 40
18 | blockchain_add_block | 30
18 | blockchain_store_block | 60
18 | throughput | 0.000
18 | interval | 2.000
18 | transactions_len | 0
18 | exec_percentage | 0.000
18 | merkle_percentage | 0.000
18 | store_percentage | 100.000
19 | handle_forkchoice | 200
19 | apply_forkchoice | 80
19 | get_block_from_payload | 50
19 | handle_new_payload_v3 | 30
19 | handle_new_payload_v1_v2 | 70
19 | validate_block_hash | 30
19 | try_execute_payload | 30
19 | blockchain_add_block | 40
19 | blockchain_store_block | 40
19 | throughput | 0.000
19 | interval | 2.000
19 | transactions_len | 0
19 | exec_percentage | 0.000
19 | merkle_percentage | 0.000
19 | store_percentage | 100.000
20 | handle_forkchoice | 200
20 | apply_forkchoice | 70
20 | get_block_from_payload | 130
20 | handle_new_payload_v3 | 40
20 | handle_new_payload_v1_v2 | 30
20 | validate_block_hash | 30
20 | try_execute_payload | 60
20 | blockchain_add_block | 30
20 | blockchain_store_block | 50
20 | throughput | 0.000
20 | interval | 2.000
20 | transactions_len | 0
20 | exec_percentage | 0.000
20 | merkle_percentage | 0.000
20 | store_percentage | 100.000
21 | handle_forkchoice | 200
21 | apply_forkchoice | 80
21 | get_block_from_payload | 140
21 | handle_new_payload_v3 | 30
21 | handle_new_payload_v1_v2 | 70
21 | validate_block_hash | 20
21 | try_execute_payload | 50
21 | blockchain_add_block | 40
21 | blockchain_store_block | 60
21 | throughput | 0.000
21 | interval | 3.000
21 | transactions_len | 0
21 | exec_percentage | 0.000
21 | merkle_percentage | 0.000
21 | store_percentage | 67.000
22 | handle_forkchoice | 430
22 | apply_forkchoice | 80
22 | get_block_from_payload | 150
22 | handle_new_payload_v3 | 30
22 | handle_new_payload_v1_v2 | 20
22 | validate_block_hash | 20
22 | try_execute_payload | 30
22 | blockchain_add_block | 30
22 | blockchain_store_block | 70
22 | throughput | 0.000
22 | interval | 3.000
22 | transactions_len | 0
22 | exec_percentage | 0.000
22 | merkle_percentage | 0.000
22 | store_percentage | 67.000
23 | handle_forkchoice | 220
23 | apply_forkchoice | 90
23 | get_block_from_payload | 140
23 | handle_new_payload_v3 | 30
23 | handle_new_payload_v1_v2 | 20
23 | validate_block_hash | 20
23 | try_execute_payload | 20
23 | blockchain_add_block | 40
23 | blockchain_store_block | 40
23 | throughput | 0.000
23 | interval | 2.000
23 | transactions_len | 0
23 | exec_percentage | 0.000
23 | merkle_percentage | 0.000
23 | store_percentage | 100.000
24 | handle_forkchoice | 210
24 | apply_forkchoice | 120
24 | get_block_from_payload | 130
24 | handle_new_payload_v3 | 30
24 | handle_new_payload_v1_v2 | 80
24 | validate_block_hash | 30
24 | try_execute_payload | 80
24 | blockchain_add_block | 30
24 | blockchain_store_block | 40
24 | throughput | 0.000
24 | interval | 3.000
24 | transactions_len | 0
24 | exec_percentage | 0.000
24 | merkle_percentage | 0.000
24 | store_percentage | 67.000
25 | handle_forkchoice | 240
25 | apply_forkchoice | 90
25 | get_block_from_payload | 140
25 | handle_new_payload_v3 | 30
25 | handle_new_payload_v1_v2 | 90
25 | validate_block_hash | 20
25 | try_execute_payload | 40
25 | blockchain_add_block | 30
25 | blockchain_store_block | 60
25 | throughput | 0.000
25 | interval | 3.000
25 | transactions_len | 0
25 | exec_percentage | 0.000
25 | merkle_percentage | 0.000
25 | store_percentage | 67.000
26 | handle_forkchoice | 200
26 | apply_forkchoice | 160
26 | get_block_from_payload | 140
26 | handle_new_payload_v3 | 30
26 | handle_new_payload_v1_v2 | 60
26 | validate_block_hash | 10
26 | try_execute_payload | 50
26 | blockchain_add_block | 40
26 | blockchain_store_block | 70
26 | throughput | 0.000
26 | interval | 3.000
26 | transactions_len | 0
26 | exec_percentage | 0.000
26 | merkle_percentage | 0.000
26 | store_percentage | 67.000
27 | handle_forkchoice | 210
27 | apply_forkchoice | 100
27 | get_block_from_payload | 130
27 | handle_new_payload_v3 | 30
27 | handle_new_payload_v1_v2 | 60
27 | validate_block_hash | 30
27 | try_execute_payload | 40
27 | blockchain_add_block | 30
27 | blockchain_store_block | 60
27 | throughput | 0.000
27 | interval | 3.000
27 | transactions_len | 0
27 | exec_percentage | 0.000
27 | merkle_percentage | 0.000
27 | store_percentage | 67.000
28 | handle_forkchoice | 160
28 | apply_forkchoice | 90
28 | get_block_from_payload | 450
28 | handle_new_payload_v3 | 40
28 | handle_new_payload_v1_v2 | 70
28 | validate_block_hash | 30
28 | try_execute_payload | 60
28 | blockchain_add_block | 50
28 | blockchain_store_block | 70
28 | throughput | 0.000
28 | interval | 3.000
28 | transactions_len | 0
28 | exec_percentage | 0.000
28 | merkle_percentage | 0.000
28 | store_percentage | 67.000
