cd "../.." && RUST_LOG=3 cargo run --release --features "libmdbx sync-test" --bin ethrex -- \
    		--http.port 8545 \
    		--authrpc.port 8551 \
    		--p2p.port 30303\
    		--discovery.port 30303 \
    		--network holesky \
    		--datadir "holesky_data/ethrex/levm" \
    		--authrpc.jwtsecret ~/Library/Application\ Support/holesky_data/jwt.hex \
    		--bootnodes enode://a37d916374b92440247c20434389904f0f1f4ddf65e00ba7d482b551824e094db99a90b89124cc6ed98b89a9d5549afc3c307443e109c366a8e060bf27430c88@65.21.237.42:30303 \
    		--evm levm
cd "../.." && RUST_LOG=3 cargo run --release --features "libmdbx sync-test" --bin ethrex -- \
    		--http.port 8545 \
    		--authrpc.port 8551 \
    		--p2p.port 30303\
    		--discovery.port 30303 \
    		--network holesky \
    		--datadir "holesky_data/ethrex/levm" \
    		--authrpc.jwtsecret ~/Library/Application\ Support/holesky_data/jwt.hex \
    		--bootnodes enode://a37d916374b92440247c20434389904f0f1f4ddf65e00ba7d482b551824e094db99a90b89124cc6ed98b89a9d5549afc3c307443e109c366a8e060bf27430c88@65.21.237.42:30303 \
    		--evm levm
[2m2025-06-05T19:02:22.237095Z[0m [32m INFO[0m [2methrex_storage::store[0m[2m:[0m Starting storage engine (Libmdbx)
[2m2025-06-05T19:02:22.238010Z[0m [32m INFO[0m [2methrex_storage::store[0m[2m:[0m Started store engine
[2m2025-06-05T19:02:22.238018Z[0m [32m INFO[0m [2methrex_storage::store[0m[2m:[0m Storing initial state from genesis
[2m2025-06-05T19:02:22.254319Z[0m [32m INFO[0m [2methrex_storage::store[0m[2m:[0m Storing genesis block with number 0 and hash 0xb5f7…bde4
[2m2025-06-05T19:02:22.255270Z[0m [32m INFO[0m [2methrex::initializers[0m[2m:[0m Key file not found, creating a new key and saving to "/Users/sofdart/Library/Application Support/holesky_data/ethrex/levm/node.key"
[2m2025-06-05T19:02:22.255587Z[0m [32m INFO[0m [2methrex::initializers[0m[2m:[0m Node: enode://d719c7b474720f1573e1d5741728e9f3f943edfa0080562058d6a8b5680169bf14edcb8fb740cb12953a5dc84249af4975b3ccb6ec9d64482aa90ff4e3bab079@10.0.10.25:30303
[2m2025-06-05T19:02:22.258322Z[0m [32m INFO[0m [2methrex::initializers[0m[2m:[0m Adding holesky preset bootnodes
[2m2025-06-05T19:02:22.258733Z[0m [32m INFO[0m [2methrex_rpc::rpc[0m[2m:[0m Starting HTTP server at [::1]:8545
[2m2025-06-05T19:02:22.258757Z[0m [32m INFO[0m [2methrex_rpc::rpc[0m[2m:[0m Starting Auth-RPC server at [::1]:8551
[2m2025-06-05T19:02:22.258890Z[0m [32m INFO[0m [2methrex::initializers[0m[2m:[0m Reading known peers from config file "/Users/sofdart/Library/Application Support/holesky_data/ethrex/levm/node_config.json"
[2m2025-06-05T19:02:22.258904Z[0m [31mERROR[0m [2methrex::initializers[0m[2m:[0m Could not read from peers file: No config file found: No such file or directory (os error 2)
[2m2025-06-05T19:02:22.259109Z[0m [32m INFO[0m [2methrex_p2p::network[0m[2m:[0m Starting discovery service at 10.0.10.25:30303
[2m2025-06-05T19:02:22.259512Z[0m [32m INFO[0m [2methrex_p2p::network[0m[2m:[0m Listening for requests at 10.0.10.25:30303
[2m2025-06-05T19:02:22.259578Z[0m [32m INFO[0m [2methrex_p2p::network[0m[2m:[0m Snap Peers: 0 / Active Peers 0 / Total Peers: 5
[2m2025-06-05T19:02:22.260276Z[0m [32m INFO[0m [2methrex_p2p::network[0m[2m:[0m Snap Peers: 0 / Active Peers 0 / Total Peers: 5
[2m2025-06-05T19:02:22.260284Z[0m [32m INFO[0m [2methrex_rpc::rpc[0m[2m:[0m Running filter clean task
[2m2025-06-05T19:02:22.260335Z[0m [32m INFO[0m [2methrex_rpc::rpc[0m[2m:[0m Filter clean task complete
[2m2025-06-05T19:02:52.260805Z[0m [32m INFO[0m [2methrex_p2p::network[0m[2m:[0m Snap Peers: 2 / Active Peers 2 / Total Peers: 46
[2m2025-06-05T19:03:22.261409Z[0m [32m INFO[0m [2methrex_p2p::network[0m[2m:[0m Snap Peers: 2 / Active Peers 2 / Total Peers: 71
[2m2025-06-05T19:03:52.260820Z[0m [32m INFO[0m [2methrex_p2p::network[0m[2m:[0m Snap Peers: 2 / Active Peers 2 / Total Peers: 93
[2m2025-06-05T19:04:22.262551Z[0m [32m INFO[0m [2methrex_p2p::network[0m[2m:[0m Snap Peers: 2 / Active Peers 2 / Total Peers: 101
[2m2025-06-05T19:04:52.259266Z[0m [32m INFO[0m [2methrex_p2p::network[0m[2m:[0m Snap Peers: 2 / Active Peers 2 / Total Peers: 93
[2m2025-06-05T19:05:22.367886Z[0m [32m INFO[0m [2methrex_p2p::network[0m[2m:[0m Snap Peers: 2 / Active Peers 2 / Total Peers: 86
[2m2025-06-05T19:05:52.369595Z[0m [32m INFO[0m [2methrex_p2p::network[0m[2m:[0m Snap Peers: 3 / Active Peers 3 / Total Peers: 87
[2m2025-06-05T19:06:22.369066Z[0m [32m INFO[0m [2methrex_p2p::network[0m[2m:[0m Snap Peers: 2 / Active Peers 2 / Total Peers: 91
[2m2025-06-05T19:06:52.368791Z[0m [32m INFO[0m [2methrex_p2p::network[0m[2m:[0m Snap Peers: 2 / Active Peers 2 / Total Peers: 93
[2m2025-06-05T19:07:22.369165Z[0m [32m INFO[0m [2methrex_rpc::rpc[0m[2m:[0m Running filter clean task
[2m2025-06-05T19:07:22.369200Z[0m [32m INFO[0m [2methrex_rpc::rpc[0m[2m:[0m Filter clean task complete
[2m2025-06-05T19:07:22.369249Z[0m [32m INFO[0m [2methrex_p2p::network[0m[2m:[0m Snap Peers: 2 / Active Peers 2 / Total Peers: 81
[2m2025-06-05T19:07:45.476270Z[0m [32m INFO[0m [2methrex[0m[2m:[0m Server shut down started...
[2m2025-06-05T19:07:45.476303Z[0m [32m INFO[0m [2methrex[0m[2m:[0m Storing config at "/Users/sofdart/Library/Application Support/holesky_data/ethrex/levm/node_config.json"...
[2m2025-06-05T19:07:46.478600Z[0m [32m INFO[0m [2methrex[0m[2m:[0m Server shutting down!
cd "../.." && RUST_LOG=3 cargo run --release --features "libmdbx sync-test" --bin ethrex -- \
    		--http.port 8545 \
    		--authrpc.port 8551 \
    		--p2p.port 30303\
    		--discovery.port 30303 \
    		--network holesky \
    		--datadir "holesky_data/ethrex/levm" \
    		--authrpc.jwtsecret ~/Library/Application\ Support/holesky_data/jwt.hex \
    		--bootnodes enode://a37d916374b92440247c20434389904f0f1f4ddf65e00ba7d482b551824e094db99a90b89124cc6ed98b89a9d5549afc3c307443e109c366a8e060bf27430c88@65.21.237.42:30303 \
    		--evm levm
[2m2025-06-05T20:33:45.804358Z[0m [32m INFO[0m [2methrex_storage::store[0m[2m:[0m Starting storage engine (Libmdbx)
[2m2025-06-05T20:33:45.806132Z[0m [32m INFO[0m [2methrex_storage::store[0m[2m:[0m Started store engine
[2m2025-06-05T20:33:45.806152Z[0m [32m INFO[0m [2methrex_storage::store[0m[2m:[0m Storing initial state from genesis
[2m2025-06-05T20:33:45.809362Z[0m [32m INFO[0m [2methrex_storage::store[0m[2m:[0m Received genesis file matching a previously stored one, nothing to do
[2m2025-06-05T20:33:45.810645Z[0m [32m INFO[0m [2methrex::initializers[0m[2m:[0m Node: enode://d719c7b474720f1573e1d5741728e9f3f943edfa0080562058d6a8b5680169bf14edcb8fb740cb12953a5dc84249af4975b3ccb6ec9d64482aa90ff4e3bab079@10.0.10.25:30303
[2m2025-06-05T20:33:45.815484Z[0m [32m INFO[0m [2methrex::initializers[0m[2m:[0m Adding holesky preset bootnodes
[2m2025-06-05T20:33:45.815936Z[0m [32m INFO[0m [2methrex_rpc::rpc[0m[2m:[0m Starting HTTP server at [::1]:8545
[2m2025-06-05T20:33:45.815976Z[0m [32m INFO[0m [2methrex_rpc::rpc[0m[2m:[0m Starting Auth-RPC server at [::1]:8551
[2m2025-06-05T20:33:45.816125Z[0m [32m INFO[0m [2methrex::initializers[0m[2m:[0m Reading known peers from config file "/Users/sofdart/Library/Application Support/holesky_data/ethrex/levm/node_config.json"
[2m2025-06-05T20:33:45.817198Z[0m [32m INFO[0m [2methrex_rpc::rpc[0m[2m:[0m Running filter clean task
[2m2025-06-05T20:33:45.817244Z[0m [32m INFO[0m [2methrex_rpc::rpc[0m[2m:[0m Filter clean task complete
[2m2025-06-05T20:33:45.817637Z[0m [32m INFO[0m [2methrex_p2p::network[0m[2m:[0m Starting discovery service at 10.0.10.25:30303
[2m2025-06-05T20:33:45.818225Z[0m [32m INFO[0m [2methrex_p2p::network[0m[2m:[0m Listening for requests at 10.0.10.25:30303
[2m2025-06-05T20:33:45.818270Z[0m [32m INFO[0m [2methrex_p2p::network[0m[2m:[0m Snap Peers: 0 / Active Peers 0 / Total Peers: 5
[2m2025-06-05T20:33:45.819464Z[0m [32m INFO[0m [2methrex_p2p::network[0m[2m:[0m Snap Peers: 0 / Active Peers 0 / Total Peers: 5
[2m2025-06-05T20:34:15.819712Z[0m [32m INFO[0m [2methrex_p2p::network[0m[2m:[0m Snap Peers: 2 / Active Peers 2 / Total Peers: 37
[2m2025-06-05T20:34:31.936497Z[0m [32m INFO[0m [2methrex[0m[2m:[0m Server shut down started...
[2m2025-06-05T20:34:31.936621Z[0m [32m INFO[0m [2methrex[0m[2m:[0m Storing config at "/Users/sofdart/Library/Application Support/holesky_data/ethrex/levm/node_config.json"...
[2m2025-06-05T20:34:32.940213Z[0m [32m INFO[0m [2methrex[0m[2m:[0m Server shutting down!
cd "../.." && RUST_LOG=3 cargo run --release --features "libmdbx sync-test" --bin ethrex -- \
    		--http.port 8545 \
    		--authrpc.port 8551 \
    		--p2p.port 30303\
    		--discovery.port 30303 \
    		--network holesky \
    		--datadir "holesky_data/ethrex/levm" \
    		--authrpc.jwtsecret ~/Library/Application\ Support/holesky_data/jwt.hex \
    		--bootnodes enode://a37d916374b92440247c20434389904f0f1f4ddf65e00ba7d482b551824e094db99a90b89124cc6ed98b89a9d5549afc3c307443e109c366a8e060bf27430c88@65.21.237.42:30303 \
    		--evm levm
cd "../.." && RUST_LOG=3 cargo run --release --features "libmdbx sync-test" --bin ethrex -- \
    		--http.port 8545 \
    		--authrpc.port 8551 \
    		--p2p.port 30303\
    		--discovery.port 30303 \
    		--network holesky \
    		--datadir "holesky_data/ethrex/levm" \
    		--authrpc.jwtsecret ~/Library/Application\ Support/holesky_data/jwt.hex \
    		--bootnodes enode://a37d916374b92440247c20434389904f0f1f4ddf65e00ba7d482b551824e094db99a90b89124cc6ed98b89a9d5549afc3c307443e109c366a8e060bf27430c88@65.21.237.42:30303 \
    		--evm levm
cd "../.." && RUST_LOG=3 cargo run --release --features "libmdbx sync-test" --bin ethrex -- \
    		--http.port 8545 \
    		--authrpc.port 8551 \
    		--p2p.port 30303\
    		--discovery.port 30303 \
    		--network holesky \
    		--datadir "holesky_data/ethrex/levm" \
    		--authrpc.jwtsecret ~/Library/Application\ Support/holesky_data/jwt.hex \
    		--bootnodes enode://a37d916374b92440247c20434389904f0f1f4ddf65e00ba7d482b551824e094db99a90b89124cc6ed98b89a9d5549afc3c307443e109c366a8e060bf27430c88@65.21.237.42:30303 \
    		--evm levm
[2m2025-06-05T20:37:21.627100Z[0m [32m INFO[0m [2methrex_storage::store[0m[2m:[0m Starting storage engine (Libmdbx)
[2m2025-06-05T20:37:21.627909Z[0m [32m INFO[0m [2methrex_storage::store[0m[2m:[0m Started store engine
[2m2025-06-05T20:37:21.627917Z[0m [32m INFO[0m [2methrex_storage::store[0m[2m:[0m Storing initial state from genesis
[2m2025-06-05T20:37:21.629078Z[0m [32m INFO[0m [2methrex_storage::store[0m[2m:[0m Received genesis file matching a previously stored one, nothing to do
[2m2025-06-05T20:37:21.629609Z[0m [32m INFO[0m [2methrex::initializers[0m[2m:[0m Node: enode://d719c7b474720f1573e1d5741728e9f3f943edfa0080562058d6a8b5680169bf14edcb8fb740cb12953a5dc84249af4975b3ccb6ec9d64482aa90ff4e3bab079@10.0.10.25:30303
[2m2025-06-05T20:37:21.631978Z[0m [32m INFO[0m [2methrex::initializers[0m[2m:[0m Adding holesky preset bootnodes
[2m2025-06-05T20:37:21.632271Z[0m [32m INFO[0m [2methrex_rpc::rpc[0m[2m:[0m Starting HTTP server at [::1]:8545
[2m2025-06-05T20:37:21.632295Z[0m [32m INFO[0m [2methrex_rpc::rpc[0m[2m:[0m Starting Auth-RPC server at [::1]:8551
[2m2025-06-05T20:37:21.632400Z[0m [32m INFO[0m [2methrex::initializers[0m[2m:[0m Reading known peers from config file "/Users/sofdart/Library/Application Support/holesky_data/ethrex/levm/node_config.json"
[2m2025-06-05T20:37:21.633026Z[0m [32m INFO[0m [2methrex_p2p::network[0m[2m:[0m Starting discovery service at 10.0.10.25:30303
[2m2025-06-05T20:37:21.633061Z[0m [32m INFO[0m [2methrex_rpc::rpc[0m[2m:[0m Running filter clean task
[2m2025-06-05T20:37:21.633127Z[0m [32m INFO[0m [2methrex_rpc::rpc[0m[2m:[0m Filter clean task complete
[2m2025-06-05T20:37:21.633635Z[0m [32m INFO[0m [2methrex_p2p::network[0m[2m:[0m Listening for requests at 10.0.10.25:30303
[2m2025-06-05T20:37:21.633750Z[0m [32m INFO[0m [2methrex_p2p::network[0m[2m:[0m Snap Peers: 0 / Active Peers 0 / Total Peers: 5
[2m2025-06-05T20:37:21.634864Z[0m [32m INFO[0m [2methrex_p2p::network[0m[2m:[0m Snap Peers: 0 / Active Peers 0 / Total Peers: 5
[2m2025-06-05T20:37:47.311378Z[0m [32m INFO[0m [2methrex[0m[2m:[0m Server shut down started...
[2m2025-06-05T20:37:47.311411Z[0m [32m INFO[0m [2methrex[0m[2m:[0m Storing config at "/Users/sofdart/Library/Application Support/holesky_data/ethrex/levm/node_config.json"...
[2m2025-06-05T20:37:48.312845Z[0m [32m INFO[0m [2methrex[0m[2m:[0m Server shutting down!
